2026-02-22 13:29:45 +05:00: [VK Bot] .env файл загружен
2026-02-22 13:29:45 +05:00: [VK Bot] Проверка конфигурации...
2026-02-22 13:29:45 +05:00: [VK Bot] Чаты: {
2026-02-22 13:29:45 +05:00:   rukovodstvo: 2000000168,
2026-02-22 13:29:45 +05:00:   ss: 2000000171,
2026-02-22 13:29:45 +05:00:   uchebny: 2000000116,
2026-02-22 13:29:45 +05:00:   doska: 2000000174,
2026-02-22 13:29:45 +05:00:   dispetcherskaya: 2000000110,
2026-02-22 13:29:45 +05:00:   fludilka: 2000000170,
2026-02-22 13:29:45 +05:00:   zhurnal: 2000000169,
2026-02-22 13:29:45 +05:00:   sponsor: 2000000179
2026-02-22 13:29:45 +05:00: }
2026-02-22 13:29:45 +05:00: [VK Bot] Запуск...
2026-02-22 13:29:45 +05:00: 
2026-02-22 13:29:46 +05:00: [VK Bot] Long Polling запущен
2026-02-22 13:29:46 +05:00: [VK Bot] Ожидание событий...
2026-02-22 13:29:46 +05:00: 
2026-02-22 13:30:13 +05:00: [VK Bot] Получено 1 событий
2026-02-22 13:30:13 +05:00: [VK Bot] Команда: инвайт
2026-02-22 13:30:14 +05:00: [VK Bot] Проверка прав: userId=700970214, role=null, required=rs,ss
2026-02-22 13:30:14 +05:00: [v0] Инвайт: пользователь 700970214, чат 1, права: false
2026-02-22 13:34:59 +05:00: [VK Bot] Получено 1 событий
2026-02-22 13:34:59 +05:00: [VK Bot] Команда: закреп
2026-02-22 13:35:00 +05:00: [VK Bot] Проверка прав: userId=700970214, role=null, required=rs
